 
New instance of bashtop version: 0.9.25 Pid: 244005
/usr/local/bin/bashtop: line 1337: ((: Pid: Program:       Arguments:                                                Threads: User:    Mem%       Cpu%: syntax error in expression (error token is ": Program:       Arguments:                                                Threads: User:    Mem%       Cpu%")
/usr/local/bin/bashtop: line 1347: ((: Pid: Program:       Arguments:                                                Threads: User:    Mem%       Cpu%: syntax error in expression (error token is ": Program:       Arguments:                                                Threads: User:    Mem%       Cpu%")
/usr/local/bin/bashtop: line 1353: ((: Pid: Program:       Arguments:                                                Threads: User:    Mem%       Cpu%: syntax error in expression (error token is ": Program:       Arguments:                                                Threads: User:    Mem%       Cpu%")
/usr/local/bin/bashtop: line 1334: ((: Pid: Program:       Arguments:                                                Threads: User:    Mem%       Cpu%: syntax error in expression (error token is ": Program:       Arguments:                                                Threads: User:    Mem%       Cpu%")
/usr/local/bin/bashtop: line 1347: ((: Pid: Program:       Arguments:                                                Threads: User:    Mem%       Cpu%: syntax error in expression (error token is ": Program:       Arguments:                                                Threads: User:    Mem%       Cpu%")
/usr/local/bin/bashtop: line 1353: ((: Pid: Program:       Arguments:                                                Threads: User:    Mem%       Cpu%: syntax error in expression (error token is ": Program:       Arguments:                                                Threads: User:    Mem%       Cpu%")
/usr/local/bin/bashtop: line 1334: ((: Pid: Program:       Arguments:                                                Threads: User:    Mem%       Cpu%: syntax error in expression (error token is ": Program:       Arguments:                                                Threads: User:    Mem%       Cpu%")
/usr/local/bin/bashtop: line 1465: ((: /usr/local/bin/bashtop: syntax error: operand expected (error token is "/usr/local/bin/bashtop")
/usr/local/bin/bashtop: line 1466: ((: /usr/local/bin/bashtop: syntax error: operand expected (error token is "/usr/local/bin/bashtop")
/usr/local/bin/bashtop: line 1468: /: syntax error: operand expected (error token is "/")
/usr/local/bin/bashtop: line 3405: pid_acpitz:_graph: invalid variable name
 
New instance of bashtop version: 0.9.25 Pid: 244106
/usr/local/bin/bashtop: line 1337: ((: Pid: Program:       Arguments:                                                Threads: User:    Mem%       Cpu%: syntax error in expression (error token is ": Program:       Arguments:                                                Threads: User:    Mem%       Cpu%")
/usr/local/bin/bashtop: line 1347: ((: Pid: Program:       Arguments:                                                Threads: User:    Mem%       Cpu%: syntax error in expression (error token is ": Program:       Arguments:                                                Threads: User:    Mem%       Cpu%")
/usr/local/bin/bashtop: line 1353: ((: Pid: Program:       Arguments:                                                Threads: User:    Mem%       Cpu%: syntax error in expression (error token is ": Program:       Arguments:                                                Threads: User:    Mem%       Cpu%")
/usr/local/bin/bashtop: line 1334: ((: Pid: Program:       Arguments:                                                Threads: User:    Mem%       Cpu%: syntax error in expression (error token is ": Program:       Arguments:                                                Threads: User:    Mem%       Cpu%")
/usr/local/bin/bashtop: line 1347: ((: Pid: Program:       Arguments:                                                Threads: User:    Mem%       Cpu%: syntax error in expression (error token is ": Program:       Arguments:                                                Threads: User:    Mem%       Cpu%")
/usr/local/bin/bashtop: line 1353: ((: Pid: Program:       Arguments:                                                Threads: User:    Mem%       Cpu%: syntax error in expression (error token is ": Program:       Arguments:                                                Threads: User:    Mem%       Cpu%")
/usr/local/bin/bashtop: line 1334: ((: Pid: Program:       Arguments:                                                Threads: User:    Mem%       Cpu%: syntax error in expression (error token is ": Program:       Arguments:                                                Threads: User:    Mem%       Cpu%")
/usr/local/bin/bashtop: line 1465: ((: /usr/local/bin/bashtop: syntax error: operand expected (error token is "/usr/local/bin/bashtop")
/usr/local/bin/bashtop: line 1466: ((: /usr/local/bin/bashtop: syntax error: operand expected (error token is "/usr/local/bin/bashtop")
/usr/local/bin/bashtop: line 1468: /: syntax error: operand expected (error token is "/")
/usr/local/bin/bashtop: line 1337: ((: Pid: Program:       Arguments:                                                Threads: User:    Mem%       Cpu%: syntax error in expression (error token is ": Program:       Arguments:                                                Threads: User:    Mem%       Cpu%")
/usr/local/bin/bashtop: line 1347: ((: Pid: Program:       Arguments:                                                Threads: User:    Mem%       Cpu%: syntax error in expression (error token is ": Program:       Arguments:                                                Threads: User:    Mem%       Cpu%")
/usr/local/bin/bashtop: line 1353: ((: Pid: Program:       Arguments:                                                Threads: User:    Mem%       Cpu%: syntax error in expression (error token is ": Program:       Arguments:                                                Threads: User:    Mem%       Cpu%")
/usr/local/bin/bashtop: line 1334: ((: Pid: Program:       Arguments:                                                Threads: User:    Mem%       Cpu%: syntax error in expression (error token is ": Program:       Arguments:                                                Threads: User:    Mem%       Cpu%")
/usr/local/bin/bashtop: line 1337: ((: Pid: Program:       Arguments:                                                Threads: User:    Mem%       Cpu%: syntax error in expression (error token is ": Program:       Arguments:                                                Threads: User:    Mem%       Cpu%")
/usr/local/bin/bashtop: line 1347: ((: Pid: Program:       Arguments:                                                Threads: User:    Mem%       Cpu%: syntax error in expression (error token is ": Program:       Arguments:                                                Threads: User:    Mem%       Cpu%")
/usr/local/bin/bashtop: line 1353: ((: Pid: Program:       Arguments:                                                Threads: User:    Mem%       Cpu%: syntax error in expression (error token is ": Program:       Arguments:                                                Threads: User:    Mem%       Cpu%")
/usr/local/bin/bashtop: line 1334: ((: Pid: Program:       Arguments:                                                Threads: User:    Mem%       Cpu%: syntax error in expression (error token is ": Program:       Arguments:                                                Threads: User:    Mem%       Cpu%")
/usr/local/bin/bashtop: line 1347: ((: Pid: Program:       Arguments:                                                Threads: User:    Mem%       Cpu%: syntax error in expression (error token is ": Program:       Arguments:                                                Threads: User:    Mem%       Cpu%")
/usr/local/bin/bashtop: line 1353: ((: Pid: Program:       Arguments:                                                Threads: User:    Mem%       Cpu%: syntax error in expression (error token is ": Program:       Arguments:                                                Threads: User:    Mem%       Cpu%")
/usr/local/bin/bashtop: line 1334: ((: Pid: Program:       Arguments:                                                Threads: User:    Mem%       Cpu%: syntax error in expression (error token is ": Program:       Arguments:                                                Threads: User:    Mem%       Cpu%")
/usr/local/bin/bashtop: line 1347: ((: Pid: Program:       Arguments:                                                Threads: User:    Mem%       Cpu%: syntax error in expression (error token is ": Program:       Arguments:                                                Threads: User:    Mem%       Cpu%")
/usr/local/bin/bashtop: line 1353: ((: Pid: Program:       Arguments:                                                Threads: User:    Mem%       Cpu%: syntax error in expression (error token is ": Program:       Arguments:                                                Threads: User:    Mem%       Cpu%")
/usr/local/bin/bashtop: line 1334: ((: Pid: Program:       Arguments:                                                Threads: User:    Mem%       Cpu%: syntax error in expression (error token is ": Program:       Arguments:                                                Threads: User:    Mem%       Cpu%")
/usr/local/bin/bashtop: line 3037: Pid: Program:       Arguments:                                                Threads: User:    Mem%       Cpu%: syntax error in expression (error token is ": Program:       Arguments:                                                Threads: User:    Mem%       Cpu%")
 
New instance of bashtop version: 0.9.25 Pid: 245031
/usr/local/bin/bashtop: line 1337: ((: Pid: Program:       Arguments:                                                Threads: User:    Mem%       Cpu%: syntax error in expression (error token is ": Program:       Arguments:                                                Threads: User:    Mem%       Cpu%")
/usr/local/bin/bashtop: line 1347: ((: Pid: Program:       Arguments:                                                Threads: User:    Mem%       Cpu%: syntax error in expression (error token is ": Program:       Arguments:                                                Threads: User:    Mem%       Cpu%")
/usr/local/bin/bashtop: line 1353: ((: Pid: Program:       Arguments:                                                Threads: User:    Mem%       Cpu%: syntax error in expression (error token is ": Program:       Arguments:                                                Threads: User:    Mem%       Cpu%")
/usr/local/bin/bashtop: line 1334: ((: Pid: Program:       Arguments:                                                Threads: User:    Mem%       Cpu%: syntax error in expression (error token is ": Program:       Arguments:                                                Threads: User:    Mem%       Cpu%")
/usr/local/bin/bashtop: line 1347: ((: Pid: Program:       Arguments:                                                Threads: User:    Mem%       Cpu%: syntax error in expression (error token is ": Program:       Arguments:                                                Threads: User:    Mem%       Cpu%")
/usr/local/bin/bashtop: line 1353: ((: Pid: Program:       Arguments:                                                Threads: User:    Mem%       Cpu%: syntax error in expression (error token is ": Program:       Arguments:                                                Threads: User:    Mem%       Cpu%")
/usr/local/bin/bashtop: line 1334: ((: Pid: Program:       Arguments:                                                Threads: User:    Mem%       Cpu%: syntax error in expression (error token is ": Program:       Arguments:                                                Threads: User:    Mem%       Cpu%")
/usr/local/bin/bashtop: line 1465: ((: /usr/local/bin/bashtop: syntax error: operand expected (error token is "/usr/local/bin/bashtop")
/usr/local/bin/bashtop: line 1466: ((: /usr/local/bin/bashtop: syntax error: operand expected (error token is "/usr/local/bin/bashtop")
/usr/local/bin/bashtop: line 1468: /: syntax error: operand expected (error token is "/")
/usr/local/bin/bashtop: line 1337: ((: Pid: Program:       Arguments:                                                Threads: User:    Mem%       Cpu%: syntax error in expression (error token is ": Program:       Arguments:                                                Threads: User:    Mem%       Cpu%")
/usr/local/bin/bashtop: line 1347: ((: Pid: Program:       Arguments:                                                Threads: User:    Mem%       Cpu%: syntax error in expression (error token is ": Program:       Arguments:                                                Threads: User:    Mem%       Cpu%")
/usr/local/bin/bashtop: line 1353: ((: Pid: Program:       Arguments:                                                Threads: User:    Mem%       Cpu%: syntax error in expression (error token is ": Program:       Arguments:                                                Threads: User:    Mem%       Cpu%")
/usr/local/bin/bashtop: line 1334: ((: Pid: Program:       Arguments:                                                Threads: User:    Mem%       Cpu%: syntax error in expression (error token is ": Program:       Arguments:                                                Threads: User:    Mem%       Cpu%")
/usr/local/bin/bashtop: line 1337: ((: Pid: Program:       Arguments:                                                Threads: User:    Mem%       Cpu%: syntax error in expression (error token is ": Program:       Arguments:                                                Threads: User:    Mem%       Cpu%")
/usr/local/bin/bashtop: line 1347: ((: Pid: Program:       Arguments:                                                Threads: User:    Mem%       Cpu%: syntax error in expression (error token is ": Program:       Arguments:                                                Threads: User:    Mem%       Cpu%")
/usr/local/bin/bashtop: line 1353: ((: Pid: Program:       Arguments:                                                Threads: User:    Mem%       Cpu%: syntax error in expression (error token is ": Program:       Arguments:                                                Threads: User:    Mem%       Cpu%")
/usr/local/bin/bashtop: line 1334: ((: Pid: Program:       Arguments:                                                Threads: User:    Mem%       Cpu%: syntax error in expression (error token is ": Program:       Arguments:                                                Threads: User:    Mem%       Cpu%")
/usr/local/bin/bashtop: line 1347: ((: Pid: Program:       Arguments:                                                Threads: User:    Mem%       Cpu%: syntax error in expression (error token is ": Program:       Arguments:                                                Threads: User:    Mem%       Cpu%")
/usr/local/bin/bashtop: line 1353: ((: Pid: Program:       Arguments:                                                Threads: User:    Mem%       Cpu%: syntax error in expression (error token is ": Program:       Arguments:                                                Threads: User:    Mem%       Cpu%")
/usr/local/bin/bashtop: line 1334: ((: Pid: Program:       Arguments:                                                Threads: User:    Mem%       Cpu%: syntax error in expression (error token is ": Program:       Arguments:                                                Threads: User:    Mem%       Cpu%")
/usr/local/bin/bashtop: line 1347: ((: Pid: Program:       Arguments:                                                Threads: User:    Mem%       Cpu%: syntax error in expression (error token is ": Program:       Arguments:                                                Threads: User:    Mem%       Cpu%")
/usr/local/bin/bashtop: line 1353: ((: Pid: Program:       Arguments:                                                Threads: User:    Mem%       Cpu%: syntax error in expression (error token is ": Program:       Arguments:                                                Threads: User:    Mem%       Cpu%")
/usr/local/bin/bashtop: line 1334: ((: Pid: Program:       Arguments:                                                Threads: User:    Mem%       Cpu%: syntax error in expression (error token is ": Program:       Arguments:                                                Threads: User:    Mem%       Cpu%")
/usr/local/bin/bashtop: line 3037: Pid: Program:       Arguments:                                                Threads: User:    Mem%       Cpu%: syntax error in expression (error token is ": Program:       Arguments:                                                Threads: User:    Mem%       Cpu%")
 
New instance of bashtop version: 0.9.25 Pid: 76242
/usr/local/bin/bashtop: line 1337: ((: Pid: Program:       Arguments:                                                Threads: User:    Mem%       Cpu%: syntax error in expression (error token is ": Program:       Arguments:                                                Threads: User:    Mem%       Cpu%")
/usr/local/bin/bashtop: line 1347: ((: Pid: Program:       Arguments:                                                Threads: User:    Mem%       Cpu%: syntax error in expression (error token is ": Program:       Arguments:                                                Threads: User:    Mem%       Cpu%")
/usr/local/bin/bashtop: line 1353: ((: Pid: Program:       Arguments:                                                Threads: User:    Mem%       Cpu%: syntax error in expression (error token is ": Program:       Arguments:                                                Threads: User:    Mem%       Cpu%")
/usr/local/bin/bashtop: line 1334: ((: Pid: Program:       Arguments:                                                Threads: User:    Mem%       Cpu%: syntax error in expression (error token is ": Program:       Arguments:                                                Threads: User:    Mem%       Cpu%")
/usr/local/bin/bashtop: line 1347: ((: Pid: Program:       Arguments:                                                Threads: User:    Mem%       Cpu%: syntax error in expression (error token is ": Program:       Arguments:                                                Threads: User:    Mem%       Cpu%")
/usr/local/bin/bashtop: line 1353: ((: Pid: Program:       Arguments:                                                Threads: User:    Mem%       Cpu%: syntax error in expression (error token is ": Program:       Arguments:                                                Threads: User:    Mem%       Cpu%")
/usr/local/bin/bashtop: line 1334: ((: Pid: Program:       Arguments:                                                Threads: User:    Mem%       Cpu%: syntax error in expression (error token is ": Program:       Arguments:                                                Threads: User:    Mem%       Cpu%")
/usr/local/bin/bashtop: line 1465: ((: /opt/chromium.org/thorium/thorium: syntax error: operand expected (error token is "/opt/chromium.org/thorium/thorium")
/usr/local/bin/bashtop: line 1466: ((: /opt/chromium.org/thorium/thorium: syntax error: operand expected (error token is "/opt/chromium.org/thorium/thorium")
/usr/local/bin/bashtop: line 1468: /: syntax error: operand expected (error token is "/")
/usr/local/bin/bashtop: line 1337: ((: Pid: Program:       Arguments:                                                Threads: User:    Mem%       Cpu%: syntax error in expression (error token is ": Program:       Arguments:                                                Threads: User:    Mem%       Cpu%")
/usr/local/bin/bashtop: line 1347: ((: Pid: Program:       Arguments:                                                Threads: User:    Mem%       Cpu%: syntax error in expression (error token is ": Program:       Arguments:                                                Threads: User:    Mem%       Cpu%")
/usr/local/bin/bashtop: line 1353: ((: Pid: Program:       Arguments:                                                Threads: User:    Mem%       Cpu%: syntax error in expression (error token is ": Program:       Arguments:                                                Threads: User:    Mem%       Cpu%")
/usr/local/bin/bashtop: line 1334: ((: Pid: Program:       Arguments:                                                Threads: User:    Mem%       Cpu%: syntax error in expression (error token is ": Program:       Arguments:                                                Threads: User:    Mem%       Cpu%")
/usr/local/bin/bashtop: line 1337: ((: Pid: Program:       Arguments:                                                Threads: User:    Mem%       Cpu%: syntax error in expression (error token is ": Program:       Arguments:                                                Threads: User:    Mem%       Cpu%")
/usr/local/bin/bashtop: line 1347: ((: Pid: Program:       Arguments:                                                Threads: User:    Mem%       Cpu%: syntax error in expression (error token is ": Program:       Arguments:                                                Threads: User:    Mem%       Cpu%")
/usr/local/bin/bashtop: line 1353: ((: Pid: Program:       Arguments:                                                Threads: User:    Mem%       Cpu%: syntax error in expression (error token is ": Program:       Arguments:                                                Threads: User:    Mem%       Cpu%")
/usr/local/bin/bashtop: line 1334: ((: Pid: Program:       Arguments:                                                Threads: User:    Mem%       Cpu%: syntax error in expression (error token is ": Program:       Arguments:                                                Threads: User:    Mem%       Cpu%")
/usr/local/bin/bashtop: line 1347: ((: Pid: Program:       Arguments:                                                Threads: User:    Mem%       Cpu%: syntax error in expression (error token is ": Program:       Arguments:                                                Threads: User:    Mem%       Cpu%")
/usr/local/bin/bashtop: line 1353: ((: Pid: Program:       Arguments:                                                Threads: User:    Mem%       Cpu%: syntax error in expression (error token is ": Program:       Arguments:                                                Threads: User:    Mem%       Cpu%")
/usr/local/bin/bashtop: line 1334: ((: Pid: Program:       Arguments:                                                Threads: User:    Mem%       Cpu%: syntax error in expression (error token is ": Program:       Arguments:                                                Threads: User:    Mem%       Cpu%")
/usr/local/bin/bashtop: line 1347: ((: Pid: Program:       Arguments:                                                Threads: User:    Mem%       Cpu%: syntax error in expression (error token is ": Program:       Arguments:                                                Threads: User:    Mem%       Cpu%")
/usr/local/bin/bashtop: line 1353: ((: Pid: Program:       Arguments:                                                Threads: User:    Mem%       Cpu%: syntax error in expression (error token is ": Program:       Arguments:                                                Threads: User:    Mem%       Cpu%")
/usr/local/bin/bashtop: line 1334: ((: Pid: Program:       Arguments:                                                Threads: User:    Mem%       Cpu%: syntax error in expression (error token is ": Program:       Arguments:                                                Threads: User:    Mem%       Cpu%")
/usr/local/bin/bashtop: line 3037: Pid: Program:       Arguments:                                                Threads: User:    Mem%       Cpu%: syntax error in expression (error token is ": Program:       Arguments:                                                Threads: User:    Mem%       Cpu%")
 
New instance of bashtop version: 0.9.25 Pid: 77247
/usr/local/bin/bashtop: line 1337: ((: Pid: Program:       Arguments:                                                Threads: User:    Mem%       Cpu%: syntax error in expression (error token is ": Program:       Arguments:                                                Threads: User:    Mem%       Cpu%")
/usr/local/bin/bashtop: line 1347: ((: Pid: Program:       Arguments:                                                Threads: User:    Mem%       Cpu%: syntax error in expression (error token is ": Program:       Arguments:                                                Threads: User:    Mem%       Cpu%")
/usr/local/bin/bashtop: line 1353: ((: Pid: Program:       Arguments:                                                Threads: User:    Mem%       Cpu%: syntax error in expression (error token is ": Program:       Arguments:                                                Threads: User:    Mem%       Cpu%")
/usr/local/bin/bashtop: line 1334: ((: Pid: Program:       Arguments:                                                Threads: User:    Mem%       Cpu%: syntax error in expression (error token is ": Program:       Arguments:                                                Threads: User:    Mem%       Cpu%")
/usr/local/bin/bashtop: line 1347: ((: Pid: Program:       Arguments:                                                Threads: User:    Mem%       Cpu%: syntax error in expression (error token is ": Program:       Arguments:                                                Threads: User:    Mem%       Cpu%")
/usr/local/bin/bashtop: line 1353: ((: Pid: Program:       Arguments:                                                Threads: User:    Mem%       Cpu%: syntax error in expression (error token is ": Program:       Arguments:                                                Threads: User:    Mem%       Cpu%")
/usr/local/bin/bashtop: line 1334: ((: Pid: Program:       Arguments:                                                Threads: User:    Mem%       Cpu%: syntax error in expression (error token is ": Program:       Arguments:                                                Threads: User:    Mem%       Cpu%")
/usr/local/bin/bashtop: line 1465: ((: /opt/chromium.org/thorium/thorium: syntax error: operand expected (error token is "/opt/chromium.org/thorium/thorium")
/usr/local/bin/bashtop: line 1466: ((: /opt/chromium.org/thorium/thorium: syntax error: operand expected (error token is "/opt/chromium.org/thorium/thorium")
/usr/local/bin/bashtop: line 1468: /: syntax error: operand expected (error token is "/")
/usr/local/bin/bashtop: line 1337: ((: Pid: Program:       Arguments:                                                Threads: User:    Mem%       Cpu%: syntax error in expression (error token is ": Program:       Arguments:                                                Threads: User:    Mem%       Cpu%")
/usr/local/bin/bashtop: line 1347: ((: Pid: Program:       Arguments:                                                Threads: User:    Mem%       Cpu%: syntax error in expression (error token is ": Program:       Arguments:                                                Threads: User:    Mem%       Cpu%")
/usr/local/bin/bashtop: line 1353: ((: Pid: Program:       Arguments:                                                Threads: User:    Mem%       Cpu%: syntax error in expression (error token is ": Program:       Arguments:                                                Threads: User:    Mem%       Cpu%")
/usr/local/bin/bashtop: line 1334: ((: Pid: Program:       Arguments:                                                Threads: User:    Mem%       Cpu%: syntax error in expression (error token is ": Program:       Arguments:                                                Threads: User:    Mem%       Cpu%")
/usr/local/bin/bashtop: line 1337: ((: Pid: Program:       Arguments:                                                Threads: User:    Mem%       Cpu%: syntax error in expression (error token is ": Program:       Arguments:                                                Threads: User:    Mem%       Cpu%")
/usr/local/bin/bashtop: line 1347: ((: Pid: Program:       Arguments:                                                Threads: User:    Mem%       Cpu%: syntax error in expression (error token is ": Program:       Arguments:                                                Threads: User:    Mem%       Cpu%")
/usr/local/bin/bashtop: line 1353: ((: Pid: Program:       Arguments:                                                Threads: User:    Mem%       Cpu%: syntax error in expression (error token is ": Program:       Arguments:                                                Threads: User:    Mem%       Cpu%")
/usr/local/bin/bashtop: line 1334: ((: Pid: Program:       Arguments:                                                Threads: User:    Mem%       Cpu%: syntax error in expression (error token is ": Program:       Arguments:                                                Threads: User:    Mem%       Cpu%")
/usr/local/bin/bashtop: line 1347: ((: Pid: Program:       Arguments:                                                Threads: User:    Mem%       Cpu%: syntax error in expression (error token is ": Program:       Arguments:                                                Threads: User:    Mem%       Cpu%")
/usr/local/bin/bashtop: line 1353: ((: Pid: Program:       Arguments:                                                Threads: User:    Mem%       Cpu%: syntax error in expression (error token is ": Program:       Arguments:                                                Threads: User:    Mem%       Cpu%")
/usr/local/bin/bashtop: line 1334: ((: Pid: Program:       Arguments:                                                Threads: User:    Mem%       Cpu%: syntax error in expression (error token is ": Program:       Arguments:                                                Threads: User:    Mem%       Cpu%")
/usr/local/bin/bashtop: line 1347: ((: Pid: Program:       Arguments:                                                Threads: User:    Mem%       Cpu%: syntax error in expression (error token is ": Program:       Arguments:                                                Threads: User:    Mem%       Cpu%")
/usr/local/bin/bashtop: line 1353: ((: Pid: Program:       Arguments:                                                Threads: User:    Mem%       Cpu%: syntax error in expression (error token is ": Program:       Arguments:                                                Threads: User:    Mem%       Cpu%")
/usr/local/bin/bashtop: line 1334: ((: Pid: Program:       Arguments:                                                Threads: User:    Mem%       Cpu%: syntax error in expression (error token is ": Program:       Arguments:                                                Threads: User:    Mem%       Cpu%")
/usr/local/bin/bashtop: line 3037: Pid: Program:       Arguments:                                                Threads: User:    Mem%       Cpu%: syntax error in expression (error token is ": Program:       Arguments:                                                Threads: User:    Mem%       Cpu%")
